2023-02-18 10:49:16.816  INFO 15816 --- [restartedMain] c.t.userservice.EHCServiceApplication    : Starting EHCServiceApplication using Java 1.8.0_144 on Hack24 with PID 15816 (D:\POC\EHC-Service\bin\main started by vinny in D:\POC\EHC-Service)
2023-02-18 10:49:16.818  INFO 15816 --- [restartedMain] c.t.userservice.EHCServiceApplication    : No active profile set, falling back to 1 default profile: "default"
2023-02-18 10:49:16.859  INFO 15816 --- [restartedMain] .e.DevToolsPropertyDefaultsPostProcessor : Devtools property defaults active! Set 'spring.devtools.add-properties' to 'false' to disable
2023-02-18 10:49:16.859  INFO 15816 --- [restartedMain] .e.DevToolsPropertyDefaultsPostProcessor : For additional web related logging consider setting the 'logging.level.web' property to 'DEBUG'
2023-02-18 10:49:17.667  INFO 15816 --- [restartedMain] .s.d.r.c.RepositoryConfigurationDelegate : Multiple Spring Data modules found, entering strict repository configuration mode!
2023-02-18 10:49:17.668  INFO 15816 --- [restartedMain] .s.d.r.c.RepositoryConfigurationDelegate : Bootstrapping Spring Data MongoDB repositories in DEFAULT mode.
2023-02-18 10:49:17.677  INFO 15816 --- [restartedMain] .s.d.r.c.RepositoryConfigurationDelegate : Finished Spring Data repository scanning in 5 ms. Found 0 MongoDB repository interfaces.
2023-02-18 10:49:18.224  INFO 15816 --- [restartedMain] o.s.b.w.embedded.tomcat.TomcatWebServer  : Tomcat initialized with port(s): 8080 (http)
2023-02-18 10:49:18.230  INFO 15816 --- [restartedMain] o.apache.catalina.core.StandardService   : Starting service [Tomcat]
2023-02-18 10:49:18.231  INFO 15816 --- [restartedMain] org.apache.catalina.core.StandardEngine  : Starting Servlet engine: [Apache Tomcat/9.0.63]
2023-02-18 10:49:18.368  INFO 15816 --- [restartedMain] o.a.c.c.C.[Tomcat].[localhost].[/]       : Initializing Spring embedded WebApplicationContext
2023-02-18 10:49:18.368  INFO 15816 --- [restartedMain] w.s.c.ServletWebServerApplicationContext : Root WebApplicationContext: initialization completed in 1508 ms
2023-02-18 10:49:18.519  WARN 15816 --- [restartedMain] ConfigServletWebServerApplicationContext : Exception encountered during context initialization - cancelling refresh attempt: org.springframework.beans.factory.UnsatisfiedDependencyException: Error creating bean with name 'EHCController': Unsatisfied dependency expressed through field 'userService'; nested exception is org.springframework.beans.factory.UnsatisfiedDependencyException: Error creating bean with name 'EHCService': Unsatisfied dependency expressed through method 'login' parameter 0; nested exception is org.springframework.beans.factory.NoSuchBeanDefinitionException: No qualifying bean of type 'com.trezi.userservice.models.Users' available: expected at least 1 bean which qualifies as autowire candidate. Dependency annotations: {}
2023-02-18 10:49:18.523  INFO 15816 --- [restartedMain] o.apache.catalina.core.StandardService   : Stopping service [Tomcat]
2023-02-18 10:49:18.541  INFO 15816 --- [restartedMain] ConditionEvaluationReportLoggingListener : 

Error starting ApplicationContext. To display the conditions report re-run your application with 'debug' enabled.
2023-02-18 10:49:18.560 ERROR 15816 --- [restartedMain] o.s.b.d.LoggingFailureAnalysisReporter   : 

***************************
APPLICATION FAILED TO START
***************************

Description:

Parameter 0 of method login in com.trezi.userservice.service.EHCService required a bean of type 'com.trezi.userservice.models.Users' that could not be found.

The injection point has the following annotations:
	- @org.springframework.beans.factory.annotation.Autowired(required=true)


Action:

Consider defining a bean of type 'com.trezi.userservice.models.Users' in your configuration.

2023-02-18 10:51:18.746  INFO 13068 --- [restartedMain] c.t.userservice.EHCServiceApplication    : Starting EHCServiceApplication using Java 1.8.0_144 on Hack24 with PID 13068 (D:\POC\EHC-Service\bin\main started by vinny in D:\POC\EHC-Service)
2023-02-18 10:51:18.748  INFO 13068 --- [restartedMain] c.t.userservice.EHCServiceApplication    : No active profile set, falling back to 1 default profile: "default"
2023-02-18 10:51:18.798  INFO 13068 --- [restartedMain] .e.DevToolsPropertyDefaultsPostProcessor : Devtools property defaults active! Set 'spring.devtools.add-properties' to 'false' to disable
2023-02-18 10:51:18.799  INFO 13068 --- [restartedMain] .e.DevToolsPropertyDefaultsPostProcessor : For additional web related logging consider setting the 'logging.level.web' property to 'DEBUG'
2023-02-18 10:51:19.701  INFO 13068 --- [restartedMain] .s.d.r.c.RepositoryConfigurationDelegate : Multiple Spring Data modules found, entering strict repository configuration mode!
2023-02-18 10:51:19.702  INFO 13068 --- [restartedMain] .s.d.r.c.RepositoryConfigurationDelegate : Bootstrapping Spring Data MongoDB repositories in DEFAULT mode.
2023-02-18 10:51:19.712  INFO 13068 --- [restartedMain] .s.d.r.c.RepositoryConfigurationDelegate : Finished Spring Data repository scanning in 6 ms. Found 0 MongoDB repository interfaces.
2023-02-18 10:51:20.294  INFO 13068 --- [restartedMain] o.s.b.w.embedded.tomcat.TomcatWebServer  : Tomcat initialized with port(s): 8080 (http)
2023-02-18 10:51:20.302  INFO 13068 --- [restartedMain] o.apache.catalina.core.StandardService   : Starting service [Tomcat]
2023-02-18 10:51:20.302  INFO 13068 --- [restartedMain] org.apache.catalina.core.StandardEngine  : Starting Servlet engine: [Apache Tomcat/9.0.63]
2023-02-18 10:51:20.415  INFO 13068 --- [restartedMain] o.a.c.c.C.[Tomcat].[localhost].[/]       : Initializing Spring embedded WebApplicationContext
2023-02-18 10:51:20.415  INFO 13068 --- [restartedMain] w.s.c.ServletWebServerApplicationContext : Root WebApplicationContext: initialization completed in 1616 ms
2023-02-18 10:51:20.612  WARN 13068 --- [restartedMain] ConfigServletWebServerApplicationContext : Exception encountered during context initialization - cancelling refresh attempt: org.springframework.beans.factory.UnsatisfiedDependencyException: Error creating bean with name 'EHCController': Unsatisfied dependency expressed through field 'userService'; nested exception is org.springframework.beans.factory.UnsatisfiedDependencyException: Error creating bean with name 'EHCService': Unsatisfied dependency expressed through method 'login' parameter 0; nested exception is org.springframework.beans.factory.NoSuchBeanDefinitionException: No qualifying bean of type 'com.trezi.userservice.models.Users' available: expected at least 1 bean which qualifies as autowire candidate. Dependency annotations: {}
2023-02-18 10:51:20.615  INFO 13068 --- [restartedMain] o.apache.catalina.core.StandardService   : Stopping service [Tomcat]
2023-02-18 10:51:20.631  INFO 13068 --- [restartedMain] ConditionEvaluationReportLoggingListener : 

Error starting ApplicationContext. To display the conditions report re-run your application with 'debug' enabled.
2023-02-18 10:51:20.645 ERROR 13068 --- [restartedMain] o.s.b.d.LoggingFailureAnalysisReporter   : 

***************************
APPLICATION FAILED TO START
***************************

Description:

Parameter 0 of method login in com.trezi.userservice.service.EHCService required a bean of type 'com.trezi.userservice.models.Users' that could not be found.

The injection point has the following annotations:
	- @org.springframework.beans.factory.annotation.Autowired(required=true)


Action:

Consider defining a bean of type 'com.trezi.userservice.models.Users' in your configuration.

2023-02-18 10:51:42.011  INFO 2720 --- [restartedMain] c.t.userservice.EHCServiceApplication    : Starting EHCServiceApplication using Java 1.8.0_144 on Hack24 with PID 2720 (D:\POC\EHC-Service\bin\main started by vinny in D:\POC\EHC-Service)
2023-02-18 10:51:42.013  INFO 2720 --- [restartedMain] c.t.userservice.EHCServiceApplication    : No active profile set, falling back to 1 default profile: "default"
2023-02-18 10:51:42.051  INFO 2720 --- [restartedMain] .e.DevToolsPropertyDefaultsPostProcessor : Devtools property defaults active! Set 'spring.devtools.add-properties' to 'false' to disable
2023-02-18 10:51:42.051  INFO 2720 --- [restartedMain] .e.DevToolsPropertyDefaultsPostProcessor : For additional web related logging consider setting the 'logging.level.web' property to 'DEBUG'
2023-02-18 10:51:42.814  INFO 2720 --- [restartedMain] .s.d.r.c.RepositoryConfigurationDelegate : Multiple Spring Data modules found, entering strict repository configuration mode!
2023-02-18 10:51:42.814  INFO 2720 --- [restartedMain] .s.d.r.c.RepositoryConfigurationDelegate : Bootstrapping Spring Data MongoDB repositories in DEFAULT mode.
2023-02-18 10:51:42.822  INFO 2720 --- [restartedMain] .s.d.r.c.RepositoryConfigurationDelegate : Finished Spring Data repository scanning in 5 ms. Found 0 MongoDB repository interfaces.
2023-02-18 10:51:43.429  INFO 2720 --- [restartedMain] o.s.b.w.embedded.tomcat.TomcatWebServer  : Tomcat initialized with port(s): 8080 (http)
2023-02-18 10:51:43.435  INFO 2720 --- [restartedMain] o.apache.catalina.core.StandardService   : Starting service [Tomcat]
2023-02-18 10:51:43.435  INFO 2720 --- [restartedMain] org.apache.catalina.core.StandardEngine  : Starting Servlet engine: [Apache Tomcat/9.0.63]
2023-02-18 10:51:43.584  INFO 2720 --- [restartedMain] o.a.c.c.C.[Tomcat].[localhost].[/]       : Initializing Spring embedded WebApplicationContext
2023-02-18 10:51:43.584  INFO 2720 --- [restartedMain] w.s.c.ServletWebServerApplicationContext : Root WebApplicationContext: initialization completed in 1533 ms
2023-02-18 10:51:43.744  WARN 2720 --- [restartedMain] ConfigServletWebServerApplicationContext : Exception encountered during context initialization - cancelling refresh attempt: org.springframework.beans.factory.UnsatisfiedDependencyException: Error creating bean with name 'EHCController': Unsatisfied dependency expressed through field 'userService'; nested exception is org.springframework.beans.factory.UnsatisfiedDependencyException: Error creating bean with name 'EHCService': Unsatisfied dependency expressed through method 'login' parameter 0; nested exception is org.springframework.beans.factory.NoSuchBeanDefinitionException: No qualifying bean of type 'com.trezi.userservice.models.Users' available: expected at least 1 bean which qualifies as autowire candidate. Dependency annotations: {}
2023-02-18 10:51:43.747  INFO 2720 --- [restartedMain] o.apache.catalina.core.StandardService   : Stopping service [Tomcat]
2023-02-18 10:51:43.763  INFO 2720 --- [restartedMain] ConditionEvaluationReportLoggingListener : 

Error starting ApplicationContext. To display the conditions report re-run your application with 'debug' enabled.
2023-02-18 10:51:43.777 ERROR 2720 --- [restartedMain] o.s.b.d.LoggingFailureAnalysisReporter   : 

***************************
APPLICATION FAILED TO START
***************************

Description:

Parameter 0 of method login in com.trezi.userservice.service.EHCService required a bean of type 'com.trezi.userservice.models.Users' that could not be found.

The injection point has the following annotations:
	- @org.springframework.beans.factory.annotation.Autowired(required=true)


Action:

Consider defining a bean of type 'com.trezi.userservice.models.Users' in your configuration.

2023-02-18 10:57:53.831  INFO 11812 --- [restartedMain] c.t.userservice.EHCServiceApplication    : Starting EHCServiceApplication using Java 1.8.0_144 on Hack24 with PID 11812 (D:\POC\EHC-Service\bin\main started by vinny in D:\POC\EHC-Service)
2023-02-18 10:57:53.832  INFO 11812 --- [restartedMain] c.t.userservice.EHCServiceApplication    : No active profile set, falling back to 1 default profile: "default"
2023-02-18 10:57:53.874  INFO 11812 --- [restartedMain] .e.DevToolsPropertyDefaultsPostProcessor : Devtools property defaults active! Set 'spring.devtools.add-properties' to 'false' to disable
2023-02-18 10:57:53.874  INFO 11812 --- [restartedMain] .e.DevToolsPropertyDefaultsPostProcessor : For additional web related logging consider setting the 'logging.level.web' property to 'DEBUG'
2023-02-18 10:57:54.640  INFO 11812 --- [restartedMain] .s.d.r.c.RepositoryConfigurationDelegate : Multiple Spring Data modules found, entering strict repository configuration mode!
2023-02-18 10:57:54.641  INFO 11812 --- [restartedMain] .s.d.r.c.RepositoryConfigurationDelegate : Bootstrapping Spring Data MongoDB repositories in DEFAULT mode.
2023-02-18 10:57:54.649  INFO 11812 --- [restartedMain] .s.d.r.c.RepositoryConfigurationDelegate : Finished Spring Data repository scanning in 5 ms. Found 0 MongoDB repository interfaces.
2023-02-18 10:57:55.228  INFO 11812 --- [restartedMain] o.s.b.w.embedded.tomcat.TomcatWebServer  : Tomcat initialized with port(s): 8080 (http)
2023-02-18 10:57:55.235  INFO 11812 --- [restartedMain] o.apache.catalina.core.StandardService   : Starting service [Tomcat]
2023-02-18 10:57:55.235  INFO 11812 --- [restartedMain] org.apache.catalina.core.StandardEngine  : Starting Servlet engine: [Apache Tomcat/9.0.63]
2023-02-18 10:57:55.391  INFO 11812 --- [restartedMain] o.a.c.c.C.[Tomcat].[localhost].[/]       : Initializing Spring embedded WebApplicationContext
2023-02-18 10:57:55.391  INFO 11812 --- [restartedMain] w.s.c.ServletWebServerApplicationContext : Root WebApplicationContext: initialization completed in 1516 ms
2023-02-18 10:57:55.546  WARN 11812 --- [restartedMain] ConfigServletWebServerApplicationContext : Exception encountered during context initialization - cancelling refresh attempt: org.springframework.beans.factory.UnsatisfiedDependencyException: Error creating bean with name 'EHCController': Unsatisfied dependency expressed through field 'userService'; nested exception is org.springframework.beans.factory.UnsatisfiedDependencyException: Error creating bean with name 'EHCService': Unsatisfied dependency expressed through method 'login' parameter 0; nested exception is org.springframework.beans.factory.NoSuchBeanDefinitionException: No qualifying bean of type 'com.trezi.userservice.models.Users' available: expected at least 1 bean which qualifies as autowire candidate. Dependency annotations: {}
2023-02-18 10:57:55.549  INFO 11812 --- [restartedMain] o.apache.catalina.core.StandardService   : Stopping service [Tomcat]
2023-02-18 10:57:55.564  INFO 11812 --- [restartedMain] ConditionEvaluationReportLoggingListener : 

Error starting ApplicationContext. To display the conditions report re-run your application with 'debug' enabled.
2023-02-18 10:57:55.578 ERROR 11812 --- [restartedMain] o.s.b.d.LoggingFailureAnalysisReporter   : 

***************************
APPLICATION FAILED TO START
***************************

Description:

Parameter 0 of method login in com.trezi.userservice.service.EHCService required a bean of type 'com.trezi.userservice.models.Users' that could not be found.

The injection point has the following annotations:
	- @org.springframework.beans.factory.annotation.Autowired(required=true)


Action:

Consider defining a bean of type 'com.trezi.userservice.models.Users' in your configuration.

2023-02-18 10:58:18.360  INFO 13652 --- [restartedMain] c.t.userservice.EHCServiceApplication    : Starting EHCServiceApplication using Java 1.8.0_144 on Hack24 with PID 13652 (D:\POC\EHC-Service\bin\main started by vinny in D:\POC\EHC-Service)
2023-02-18 10:58:18.362  INFO 13652 --- [restartedMain] c.t.userservice.EHCServiceApplication    : No active profile set, falling back to 1 default profile: "default"
2023-02-18 10:58:18.402  INFO 13652 --- [restartedMain] .e.DevToolsPropertyDefaultsPostProcessor : Devtools property defaults active! Set 'spring.devtools.add-properties' to 'false' to disable
2023-02-18 10:58:18.402  INFO 13652 --- [restartedMain] .e.DevToolsPropertyDefaultsPostProcessor : For additional web related logging consider setting the 'logging.level.web' property to 'DEBUG'
2023-02-18 10:58:19.155  INFO 13652 --- [restartedMain] .s.d.r.c.RepositoryConfigurationDelegate : Multiple Spring Data modules found, entering strict repository configuration mode!
2023-02-18 10:58:19.156  INFO 13652 --- [restartedMain] .s.d.r.c.RepositoryConfigurationDelegate : Bootstrapping Spring Data MongoDB repositories in DEFAULT mode.
2023-02-18 10:58:19.165  INFO 13652 --- [restartedMain] .s.d.r.c.RepositoryConfigurationDelegate : Finished Spring Data repository scanning in 5 ms. Found 0 MongoDB repository interfaces.
2023-02-18 10:58:19.740  INFO 13652 --- [restartedMain] o.s.b.w.embedded.tomcat.TomcatWebServer  : Tomcat initialized with port(s): 8080 (http)
2023-02-18 10:58:19.747  INFO 13652 --- [restartedMain] o.apache.catalina.core.StandardService   : Starting service [Tomcat]
2023-02-18 10:58:19.747  INFO 13652 --- [restartedMain] org.apache.catalina.core.StandardEngine  : Starting Servlet engine: [Apache Tomcat/9.0.63]
2023-02-18 10:58:19.892  INFO 13652 --- [restartedMain] o.a.c.c.C.[Tomcat].[localhost].[/]       : Initializing Spring embedded WebApplicationContext
2023-02-18 10:58:19.893  INFO 13652 --- [restartedMain] w.s.c.ServletWebServerApplicationContext : Root WebApplicationContext: initialization completed in 1490 ms
2023-02-18 10:58:20.053  INFO 13652 --- [restartedMain] f.a.AutowiredAnnotationBeanPostProcessor : Autowired annotation should only be used on methods with parameters: public org.springframework.http.ResponseEntity com.trezi.userservice.service.EHCService.login()
2023-02-18 10:58:20.430  INFO 13652 --- [restartedMain] org.mongodb.driver.client                : MongoClient with metadata {"driver": {"name": "mongo-java-driver|sync|spring-boot", "version": "4.6.0"}, "os": {"type": "Windows", "name": "Windows 10", "architecture": "amd64", "version": "10.0"}, "platform": "Java/Oracle Corporation/1.8.0_144-b01"} created with settings MongoClientSettings{readPreference=primary, writeConcern=WriteConcern{w=null, wTimeout=null ms, journal=null}, retryWrites=true, retryReads=true, readConcern=ReadConcern{level=null}, credential=null, streamFactoryFactory=null, commandListeners=[io.micrometer.core.instrument.binder.mongodb.MongoMetricsCommandListener@61d82ac0], codecRegistry=ProvidersCodecRegistry{codecProviders=[ValueCodecProvider{}, BsonValueCodecProvider{}, DBRefCodecProvider{}, DBObjectCodecProvider{}, DocumentCodecProvider{}, IterableCodecProvider{}, MapCodecProvider{}, GeoJsonCodecProvider{}, GridFSFileCodecProvider{}, Jsr310CodecProvider{}, JsonObjectCodecProvider{}, BsonCodecProvider{}, EnumCodecProvider{}, com.mongodb.Jep395RecordCodecProvider@9a42167]}, clusterSettings={hosts=[localhost:27017], srvServiceName=mongodb, mode=SINGLE, requiredClusterType=UNKNOWN, requiredReplicaSetName='null', serverSelector='null', clusterListeners='[]', serverSelectionTimeout='30000 ms', localThreshold='30000 ms'}, socketSettings=SocketSettings{connectTimeoutMS=10000, readTimeoutMS=0, receiveBufferSize=0, sendBufferSize=0}, heartbeatSocketSettings=SocketSettings{connectTimeoutMS=10000, readTimeoutMS=10000, receiveBufferSize=0, sendBufferSize=0}, connectionPoolSettings=ConnectionPoolSettings{maxSize=100, minSize=0, maxWaitTimeMS=120000, maxConnectionLifeTimeMS=0, maxConnectionIdleTimeMS=0, maintenanceInitialDelayMS=0, maintenanceFrequencyMS=60000, connectionPoolListeners=[io.micrometer.core.instrument.binder.mongodb.MongoMetricsConnectionPoolListener@289de2be], maxConnecting=2}, serverSettings=ServerSettings{heartbeatFrequencyMS=10000, minHeartbeatFrequencyMS=500, serverListeners='[]', serverMonitorListeners='[]'}, sslSettings=SslSettings{enabled=false, invalidHostNameAllowed=false, context=null}, applicationName='null', compressorList=[], uuidRepresentation=JAVA_LEGACY, serverApi=null, autoEncryptionSettings=null, contextProvider=null}
2023-02-18 10:58:20.750  WARN 13652 --- [restartedMain] .s.s.UserDetailsServiceAutoConfiguration : 

Using generated security password: 92010450-31e1-47eb-ad93-90675cf13756

This generated password is for development use only. Your security configuration must be updated before running your application in production.

2023-02-18 10:58:20.866  INFO 13652 --- [restartedMain] o.s.b.a.e.web.EndpointLinksResolver      : Exposing 1 endpoint(s) beneath base path '/actuator'
2023-02-18 10:58:20.936  INFO 13652 --- [restartedMain] o.s.b.d.a.OptionalLiveReloadServer       : LiveReload server is running on port 35729
2023-02-18 10:58:20.981  INFO 13652 --- [restartedMain] o.s.b.w.embedded.tomcat.TomcatWebServer  : Tomcat started on port(s): 8080 (http) with context path ''
2023-02-18 10:58:20.995  INFO 13652 --- [restartedMain] c.t.userservice.EHCServiceApplication    : Started EHCServiceApplication in 2.958 seconds (JVM running for 3.72)
2023-02-18 10:58:21.689  INFO 13652 --- [RMI TCP Connection(2)-127.0.0.1] o.a.c.c.C.[Tomcat].[localhost].[/]       : Initializing Spring DispatcherServlet 'dispatcherServlet'
2023-02-18 10:58:22.493  INFO 13652 --- [cluster-ClusterId{value='63f061f40f6ff46bf2e61634', description='null'}-localhost:27017] org.mongodb.driver.cluster               : Exception in monitor thread while connecting to server localhost:27017

com.mongodb.MongoSocketOpenException: Exception opening socket
	at com.mongodb.internal.connection.SocketStream.open(SocketStream.java:70) ~[mongodb-driver-core-4.6.0.jar:na]
	at com.mongodb.internal.connection.InternalStreamConnection.open(InternalStreamConnection.java:180) ~[mongodb-driver-core-4.6.0.jar:na]
	at com.mongodb.internal.connection.DefaultServerMonitor$ServerMonitorRunnable.lookupServerDescription(DefaultServerMonitor.java:193) ~[mongodb-driver-core-4.6.0.jar:na]
	at com.mongodb.internal.connection.DefaultServerMonitor$ServerMonitorRunnable.run(DefaultServerMonitor.java:157) ~[mongodb-driver-core-4.6.0.jar:na]
	at java.lang.Thread.run(Thread.java:748) [na:1.8.0_144]
Caused by: java.net.ConnectException: Connection refused: connect
	at java.net.DualStackPlainSocketImpl.waitForConnect(Native Method) ~[na:1.8.0_144]
	at java.net.DualStackPlainSocketImpl.socketConnect(DualStackPlainSocketImpl.java:85) ~[na:1.8.0_144]
	at java.net.AbstractPlainSocketImpl.doConnect(AbstractPlainSocketImpl.java:350) ~[na:1.8.0_144]
	at java.net.AbstractPlainSocketImpl.connectToAddress(AbstractPlainSocketImpl.java:206) ~[na:1.8.0_144]
	at java.net.AbstractPlainSocketImpl.connect(AbstractPlainSocketImpl.java:188) ~[na:1.8.0_144]
	at java.net.PlainSocketImpl.connect(PlainSocketImpl.java:172) ~[na:1.8.0_144]
	at java.net.SocksSocketImpl.connect(SocksSocketImpl.java:392) ~[na:1.8.0_144]
	at java.net.Socket.connect(Socket.java:589) ~[na:1.8.0_144]
	at com.mongodb.internal.connection.SocketStreamHelper.initialize(SocketStreamHelper.java:107) ~[mongodb-driver-core-4.6.0.jar:na]
	at com.mongodb.internal.connection.SocketStream.initializeSocket(SocketStream.java:79) ~[mongodb-driver-core-4.6.0.jar:na]
	at com.mongodb.internal.connection.SocketStream.open(SocketStream.java:65) ~[mongodb-driver-core-4.6.0.jar:na]
	... 4 common frames omitted

2023-02-18 10:59:18.974  INFO 13652 --- [RMI TCP Connection(4)-127.0.0.1] inMXBeanRegistrar$SpringApplicationAdmin : Application shutdown requested.
2023-02-18 10:59:49.948  INFO 15680 --- [main] c.t.userservice.EHCServiceApplication    : Starting EHCServiceApplication using Java 1.8.0_144 on Hack24 with PID 15680 (D:\POC\EHC-Service\bin\main started by vinny in D:\POC\EHC-Service)
2023-02-18 10:59:49.950  INFO 15680 --- [main] c.t.userservice.EHCServiceApplication    : No active profile set, falling back to 1 default profile: "default"
2023-02-18 10:59:50.568  INFO 15680 --- [main] o.s.b.w.embedded.tomcat.TomcatWebServer  : Tomcat initialized with port(s): 8080 (http)
2023-02-18 10:59:50.575  INFO 15680 --- [main] o.apache.catalina.core.StandardService   : Starting service [Tomcat]
2023-02-18 10:59:50.576  INFO 15680 --- [main] org.apache.catalina.core.StandardEngine  : Starting Servlet engine: [Apache Tomcat/9.0.63]
2023-02-18 10:59:50.681  INFO 15680 --- [main] o.a.c.c.C.[Tomcat].[localhost].[/]       : Initializing Spring embedded WebApplicationContext
2023-02-18 10:59:50.681  INFO 15680 --- [main] w.s.c.ServletWebServerApplicationContext : Root WebApplicationContext: initialization completed in 693 ms
2023-02-18 10:59:50.729  INFO 15680 --- [main] f.a.AutowiredAnnotationBeanPostProcessor : Autowired annotation should only be used on methods with parameters: public org.springframework.http.ResponseEntity com.trezi.userservice.service.EHCService.login()
2023-02-18 10:59:50.977  INFO 15680 --- [main] o.s.b.w.embedded.tomcat.TomcatWebServer  : Tomcat started on port(s): 8080 (http) with context path ''
2023-02-18 10:59:50.984  INFO 15680 --- [main] c.t.userservice.EHCServiceApplication    : Started EHCServiceApplication in 1.332 seconds (JVM running for 1.887)
2023-02-18 11:01:54.946  INFO 15680 --- [RMI TCP Connection(5)-127.0.0.1] inMXBeanRegistrar$SpringApplicationAdmin : Application shutdown requested.
2023-02-18 11:02:01.675  INFO 11636 --- [main] c.t.userservice.EHCServiceApplication    : Starting EHCServiceApplication using Java 1.8.0_144 on Hack24 with PID 11636 (D:\POC\EHC-Service\bin\main started by vinny in D:\POC\EHC-Service)
2023-02-18 11:02:01.675  INFO 11636 --- [main] c.t.userservice.EHCServiceApplication    : No active profile set, falling back to 1 default profile: "default"
2023-02-18 11:02:02.268  INFO 11636 --- [main] o.s.b.w.embedded.tomcat.TomcatWebServer  : Tomcat initialized with port(s): 8080 (http)
2023-02-18 11:02:02.276  INFO 11636 --- [main] o.apache.catalina.core.StandardService   : Starting service [Tomcat]
2023-02-18 11:02:02.276  INFO 11636 --- [main] org.apache.catalina.core.StandardEngine  : Starting Servlet engine: [Apache Tomcat/9.0.63]
2023-02-18 11:02:02.368  INFO 11636 --- [main] o.a.c.c.C.[Tomcat].[localhost].[/]       : Initializing Spring embedded WebApplicationContext
2023-02-18 11:02:02.368  INFO 11636 --- [main] w.s.c.ServletWebServerApplicationContext : Root WebApplicationContext: initialization completed in 662 ms
2023-02-18 11:02:02.413  INFO 11636 --- [main] f.a.AutowiredAnnotationBeanPostProcessor : Autowired annotation should only be used on methods with parameters: public org.springframework.http.ResponseEntity com.trezi.userservice.service.EHCService.login()
2023-02-18 11:02:02.650  INFO 11636 --- [main] o.s.b.w.embedded.tomcat.TomcatWebServer  : Tomcat started on port(s): 8080 (http) with context path ''
2023-02-18 11:02:02.665  INFO 11636 --- [main] c.t.userservice.EHCServiceApplication    : Started EHCServiceApplication in 1.286 seconds (JVM running for 1.843)
2023-02-18 11:04:07.309  INFO 11636 --- [RMI TCP Connection(4)-127.0.0.1] inMXBeanRegistrar$SpringApplicationAdmin : Application shutdown requested.
2023-02-18 11:04:13.039  INFO 8860 --- [main] c.m.ehcservice.EHCServiceApplication     : Starting EHCServiceApplication using Java 1.8.0_144 on Hack24 with PID 8860 (D:\POC\EHC-Service\bin\main started by vinny in D:\POC\EHC-Service)
2023-02-18 11:04:13.039  INFO 8860 --- [main] c.m.ehcservice.EHCServiceApplication     : No active profile set, falling back to 1 default profile: "default"
2023-02-18 11:04:13.643  INFO 8860 --- [main] o.s.b.w.embedded.tomcat.TomcatWebServer  : Tomcat initialized with port(s): 8080 (http)
2023-02-18 11:04:13.655  INFO 8860 --- [main] o.apache.catalina.core.StandardService   : Starting service [Tomcat]
2023-02-18 11:04:13.655  INFO 8860 --- [main] org.apache.catalina.core.StandardEngine  : Starting Servlet engine: [Apache Tomcat/9.0.63]
2023-02-18 11:04:13.764  INFO 8860 --- [main] o.a.c.c.C.[Tomcat].[localhost].[/]       : Initializing Spring embedded WebApplicationContext
2023-02-18 11:04:13.764  INFO 8860 --- [main] w.s.c.ServletWebServerApplicationContext : Root WebApplicationContext: initialization completed in 689 ms
2023-02-18 11:04:13.801  INFO 8860 --- [main] f.a.AutowiredAnnotationBeanPostProcessor : Autowired annotation should only be used on methods with parameters: public org.springframework.http.ResponseEntity com.magnit.ehcservice.service.EHCService.login()
2023-02-18 11:04:14.079  INFO 8860 --- [main] o.s.b.w.embedded.tomcat.TomcatWebServer  : Tomcat started on port(s): 8080 (http) with context path ''
2023-02-18 11:04:14.079  INFO 8860 --- [main] c.m.ehcservice.EHCServiceApplication     : Started EHCServiceApplication in 1.345 seconds (JVM running for 1.917)
2023-02-18 11:06:28.658  INFO 8860 --- [RMI TCP Connection(4)-127.0.0.1] inMXBeanRegistrar$SpringApplicationAdmin : Application shutdown requested.
2023-02-18 11:19:22.026  INFO 30232 --- [main] c.m.ehcservice.EHCServiceApplication     : Starting EHCServiceApplication using Java 1.8.0_311 on DESKTOP-CN3ME4N with PID 30232 (D:\Code\Practice Code\EHC-Service\build\classes\java\main started by Admin in D:\Code\Practice Code\EHC-Service)
2023-02-18 11:19:22.030  INFO 30232 --- [main] c.m.ehcservice.EHCServiceApplication     : No active profile set, falling back to 1 default profile: "default"
2023-02-18 11:19:23.835  INFO 30232 --- [main] o.s.b.w.embedded.tomcat.TomcatWebServer  : Tomcat initialized with port(s): 8080 (http)
2023-02-18 11:19:23.846  INFO 30232 --- [main] o.apache.catalina.core.StandardService   : Starting service [Tomcat]
2023-02-18 11:19:23.846  INFO 30232 --- [main] org.apache.catalina.core.StandardEngine  : Starting Servlet engine: [Apache Tomcat/9.0.63]
2023-02-18 11:19:24.026  INFO 30232 --- [main] o.a.c.c.C.[Tomcat].[localhost].[/]       : Initializing Spring embedded WebApplicationContext
2023-02-18 11:19:24.026  INFO 30232 --- [main] w.s.c.ServletWebServerApplicationContext : Root WebApplicationContext: initialization completed in 1929 ms
2023-02-18 11:19:24.117  INFO 30232 --- [main] f.a.AutowiredAnnotationBeanPostProcessor : Autowired annotation should only be used on methods with parameters: public org.springframework.http.ResponseEntity com.magnit.ehcservice.service.EHCService.login()
2023-02-18 11:19:24.659  INFO 30232 --- [main] o.s.b.w.embedded.tomcat.TomcatWebServer  : Tomcat started on port(s): 8080 (http) with context path ''
2023-02-18 11:19:24.672  INFO 30232 --- [main] c.m.ehcservice.EHCServiceApplication     : Started EHCServiceApplication in 3.334 seconds (JVM running for 3.948)
2023-02-18 11:35:59.020  INFO 27408 --- [main] c.m.ehcservice.EHCServiceApplication     : Starting EHCServiceApplication using Java 1.8.0_311 on DESKTOP-CN3ME4N with PID 27408 (D:\Code\Practice Code\EHC-Service\build\classes\java\main started by Admin in D:\Code\Practice Code\EHC-Service)
2023-02-18 11:35:59.036  INFO 27408 --- [main] c.m.ehcservice.EHCServiceApplication     : No active profile set, falling back to 1 default profile: "default"
2023-02-18 11:36:00.845  INFO 27408 --- [main] o.s.b.w.embedded.tomcat.TomcatWebServer  : Tomcat initialized with port(s): 8080 (http)
2023-02-18 11:36:00.861  INFO 27408 --- [main] o.apache.catalina.core.StandardService   : Starting service [Tomcat]
2023-02-18 11:36:00.861  INFO 27408 --- [main] org.apache.catalina.core.StandardEngine  : Starting Servlet engine: [Apache Tomcat/9.0.63]
2023-02-18 11:36:01.034  INFO 27408 --- [main] o.a.c.c.C.[Tomcat].[localhost].[/]       : Initializing Spring embedded WebApplicationContext
2023-02-18 11:36:01.034  INFO 27408 --- [main] w.s.c.ServletWebServerApplicationContext : Root WebApplicationContext: initialization completed in 1920 ms
2023-02-18 11:36:01.128  WARN 27408 --- [main] ConfigServletWebServerApplicationContext : Exception encountered during context initialization - cancelling refresh attempt: org.springframework.beans.factory.UnsatisfiedDependencyException: Error creating bean with name 'EHCController': Unsatisfied dependency expressed through field 'userService'; nested exception is org.springframework.beans.factory.UnsatisfiedDependencyException: Error creating bean with name 'EHCService': Unsatisfied dependency expressed through method 'login' parameter 0; nested exception is org.springframework.beans.factory.NoSuchBeanDefinitionException: No qualifying bean of type 'com.magnit.ehcservice.models.Qmodel' available: expected at least 1 bean which qualifies as autowire candidate. Dependency annotations: {}
2023-02-18 11:36:01.128  INFO 27408 --- [main] o.apache.catalina.core.StandardService   : Stopping service [Tomcat]
2023-02-18 11:36:01.143  INFO 27408 --- [main] ConditionEvaluationReportLoggingListener : 

Error starting ApplicationContext. To display the conditions report re-run your application with 'debug' enabled.
2023-02-18 11:36:01.174 ERROR 27408 --- [main] o.s.b.d.LoggingFailureAnalysisReporter   : 

***************************
APPLICATION FAILED TO START
***************************

Description:

Parameter 0 of method login in com.magnit.ehcservice.service.EHCService required a bean of type 'com.magnit.ehcservice.models.Qmodel' that could not be found.

The injection point has the following annotations:
	- @org.springframework.beans.factory.annotation.Autowired(required=true)


Action:

Consider defining a bean of type 'com.magnit.ehcservice.models.Qmodel' in your configuration.

2023-02-18 11:38:40.361  INFO 18060 --- [main] c.m.ehcservice.EHCServiceApplication     : Starting EHCServiceApplication using Java 1.8.0_311 on DESKTOP-CN3ME4N with PID 18060 (D:\Code\Practice Code\EHC-Service\build\classes\java\main started by Admin in D:\Code\Practice Code\EHC-Service)
2023-02-18 11:38:40.361  INFO 18060 --- [main] c.m.ehcservice.EHCServiceApplication     : No active profile set, falling back to 1 default profile: "default"
2023-02-18 11:38:41.825  INFO 18060 --- [main] o.s.b.w.embedded.tomcat.TomcatWebServer  : Tomcat initialized with port(s): 8080 (http)
2023-02-18 11:38:41.825  INFO 18060 --- [main] o.apache.catalina.core.StandardService   : Starting service [Tomcat]
2023-02-18 11:38:41.825  INFO 18060 --- [main] org.apache.catalina.core.StandardEngine  : Starting Servlet engine: [Apache Tomcat/9.0.63]
2023-02-18 11:38:41.982  INFO 18060 --- [main] o.a.c.c.C.[Tomcat].[localhost].[/]       : Initializing Spring embedded WebApplicationContext
2023-02-18 11:38:41.982  INFO 18060 --- [main] w.s.c.ServletWebServerApplicationContext : Root WebApplicationContext: initialization completed in 1558 ms
2023-02-18 11:38:42.467  INFO 18060 --- [main] o.s.b.w.embedded.tomcat.TomcatWebServer  : Tomcat started on port(s): 8080 (http) with context path ''
2023-02-18 11:38:42.483  INFO 18060 --- [main] c.m.ehcservice.EHCServiceApplication     : Started EHCServiceApplication in 2.664 seconds (JVM running for 3.128)
2023-02-18 11:39:19.972  INFO 18060 --- [http-nio-8080-exec-1] o.a.c.c.C.[Tomcat].[localhost].[/]       : Initializing Spring DispatcherServlet 'dispatcherServlet'
2023-02-18 11:48:38.584  INFO 17284 --- [main] c.m.ehcservice.EHCServiceApplication     : Starting EHCServiceApplication using Java 1.8.0_311 on DESKTOP-CN3ME4N with PID 17284 (D:\Code\Practice Code\EHC-Service\build\classes\java\main started by Admin in D:\Code\Practice Code\EHC-Service)
2023-02-18 11:48:38.600  INFO 17284 --- [main] c.m.ehcservice.EHCServiceApplication     : No active profile set, falling back to 1 default profile: "default"
2023-02-18 11:48:40.186  INFO 17284 --- [main] o.s.b.w.embedded.tomcat.TomcatWebServer  : Tomcat initialized with port(s): 8080 (http)
2023-02-18 11:48:40.186  INFO 17284 --- [main] o.apache.catalina.core.StandardService   : Starting service [Tomcat]
2023-02-18 11:48:40.186  INFO 17284 --- [main] org.apache.catalina.core.StandardEngine  : Starting Servlet engine: [Apache Tomcat/9.0.63]
2023-02-18 11:48:40.342  INFO 17284 --- [main] o.a.c.c.C.[Tomcat].[localhost].[/]       : Initializing Spring embedded WebApplicationContext
2023-02-18 11:48:40.342  INFO 17284 --- [main] w.s.c.ServletWebServerApplicationContext : Root WebApplicationContext: initialization completed in 1680 ms
2023-02-18 11:48:40.937  INFO 17284 --- [main] o.s.b.w.embedded.tomcat.TomcatWebServer  : Tomcat started on port(s): 8080 (http) with context path ''
2023-02-18 11:48:40.953  INFO 17284 --- [main] c.m.ehcservice.EHCServiceApplication     : Started EHCServiceApplication in 2.973 seconds (JVM running for 3.46)
2023-02-18 11:49:06.960  INFO 17284 --- [http-nio-8080-exec-2] o.a.c.c.C.[Tomcat].[localhost].[/]       : Initializing Spring DispatcherServlet 'dispatcherServlet'
2023-02-18 11:52:14.494  INFO 27404 --- [main] c.m.ehcservice.EHCServiceApplication     : Starting EHCServiceApplication using Java 1.8.0_311 on DESKTOP-CN3ME4N with PID 27404 (D:\Code\Practice Code\EHC-Service\build\classes\java\main started by Admin in D:\Code\Practice Code\EHC-Service)
2023-02-18 11:52:14.494  INFO 27404 --- [main] c.m.ehcservice.EHCServiceApplication     : No active profile set, falling back to 1 default profile: "default"
2023-02-18 11:52:15.980  INFO 27404 --- [main] o.s.b.w.embedded.tomcat.TomcatWebServer  : Tomcat initialized with port(s): 8080 (http)
2023-02-18 11:52:15.996  INFO 27404 --- [main] o.apache.catalina.core.StandardService   : Starting service [Tomcat]
2023-02-18 11:52:15.996  INFO 27404 --- [main] org.apache.catalina.core.StandardEngine  : Starting Servlet engine: [Apache Tomcat/9.0.63]
2023-02-18 11:52:16.152  INFO 27404 --- [main] o.a.c.c.C.[Tomcat].[localhost].[/]       : Initializing Spring embedded WebApplicationContext
2023-02-18 11:52:16.152  INFO 27404 --- [main] w.s.c.ServletWebServerApplicationContext : Root WebApplicationContext: initialization completed in 1595 ms
2023-02-18 11:52:16.636  INFO 27404 --- [main] o.s.b.w.embedded.tomcat.TomcatWebServer  : Tomcat started on port(s): 8080 (http) with context path ''
2023-02-18 11:52:16.652  INFO 27404 --- [main] c.m.ehcservice.EHCServiceApplication     : Started EHCServiceApplication in 2.72 seconds (JVM running for 3.23)
2023-02-18 11:52:20.517  INFO 27404 --- [http-nio-8080-exec-1] o.a.c.c.C.[Tomcat].[localhost].[/]       : Initializing Spring DispatcherServlet 'dispatcherServlet'
2023-02-18 11:59:10.642  INFO 25424 --- [main] c.m.ehcservice.EHCServiceApplication     : Starting EHCServiceApplication using Java 1.8.0_311 on DESKTOP-CN3ME4N with PID 25424 (D:\Code\Practice Code\EHC-Service\build\classes\java\main started by Admin in D:\Code\Practice Code\EHC-Service)
2023-02-18 11:59:10.658  INFO 25424 --- [main] c.m.ehcservice.EHCServiceApplication     : No active profile set, falling back to 1 default profile: "default"
2023-02-18 11:59:11.951  INFO 25424 --- [main] o.s.b.w.embedded.tomcat.TomcatWebServer  : Tomcat initialized with port(s): 8080 (http)
2023-02-18 11:59:11.967  INFO 25424 --- [main] o.apache.catalina.core.StandardService   : Starting service [Tomcat]
2023-02-18 11:59:11.967  INFO 25424 --- [main] org.apache.catalina.core.StandardEngine  : Starting Servlet engine: [Apache Tomcat/9.0.63]
2023-02-18 11:59:12.107  INFO 25424 --- [main] o.a.c.c.C.[Tomcat].[localhost].[/]       : Initializing Spring embedded WebApplicationContext
2023-02-18 11:59:12.107  INFO 25424 --- [main] w.s.c.ServletWebServerApplicationContext : Root WebApplicationContext: initialization completed in 1397 ms
2023-02-18 11:59:12.576  INFO 25424 --- [main] o.s.b.w.embedded.tomcat.TomcatWebServer  : Tomcat started on port(s): 8080 (http) with context path ''
2023-02-18 11:59:12.576  INFO 25424 --- [main] c.m.ehcservice.EHCServiceApplication     : Started EHCServiceApplication in 2.39 seconds (JVM running for 2.783)
2023-02-18 11:59:20.277  INFO 25424 --- [http-nio-8080-exec-1] o.a.c.c.C.[Tomcat].[localhost].[/]       : Initializing Spring DispatcherServlet 'dispatcherServlet'
2023-02-18 12:37:03.906  INFO 16304 --- [main] c.m.ehcservice.EHCServiceApplication     : Starting EHCServiceApplication using Java 1.8.0_311 on DESKTOP-CN3ME4N with PID 16304 (D:\Code\Practice Code\EHC-Service\build\classes\java\main started by Admin in D:\Code\Practice Code\EHC-Service)
2023-02-18 12:37:03.906  INFO 16304 --- [main] c.m.ehcservice.EHCServiceApplication     : No active profile set, falling back to 1 default profile: "default"
2023-02-18 12:37:05.001  INFO 16304 --- [main] o.s.b.w.embedded.tomcat.TomcatWebServer  : Tomcat initialized with port(s): 8080 (http)
2023-02-18 12:37:05.001  INFO 16304 --- [main] o.apache.catalina.core.StandardService   : Starting service [Tomcat]
2023-02-18 12:37:05.001  INFO 16304 --- [main] org.apache.catalina.core.StandardEngine  : Starting Servlet engine: [Apache Tomcat/9.0.63]
2023-02-18 12:37:05.126  INFO 16304 --- [main] o.a.c.c.C.[Tomcat].[localhost].[/]       : Initializing Spring embedded WebApplicationContext
2023-02-18 12:37:05.126  INFO 16304 --- [main] w.s.c.ServletWebServerApplicationContext : Root WebApplicationContext: initialization completed in 1174 ms
2023-02-18 12:37:05.503  INFO 16304 --- [main] o.s.b.w.embedded.tomcat.TomcatWebServer  : Tomcat started on port(s): 8080 (http) with context path ''
2023-02-18 12:37:05.503  INFO 16304 --- [main] c.m.ehcservice.EHCServiceApplication     : Started EHCServiceApplication in 1.995 seconds (JVM running for 2.328)
2023-02-18 12:39:26.730  INFO 20904 --- [main] c.m.ehcservice.EHCServiceApplication     : Starting EHCServiceApplication using Java 1.8.0_311 on DESKTOP-CN3ME4N with PID 20904 (D:\Code\Practice Code\EHC-Service\build\classes\java\main started by Admin in D:\Code\Practice Code\EHC-Service)
2023-02-18 12:39:26.730  INFO 20904 --- [main] c.m.ehcservice.EHCServiceApplication     : No active profile set, falling back to 1 default profile: "default"
2023-02-18 12:39:27.732  INFO 20904 --- [main] o.s.b.w.embedded.tomcat.TomcatWebServer  : Tomcat initialized with port(s): 8080 (http)
2023-02-18 12:39:27.732  INFO 20904 --- [main] o.apache.catalina.core.StandardService   : Starting service [Tomcat]
2023-02-18 12:39:27.732  INFO 20904 --- [main] org.apache.catalina.core.StandardEngine  : Starting Servlet engine: [Apache Tomcat/9.0.63]
2023-02-18 12:39:27.842  INFO 20904 --- [main] o.a.c.c.C.[Tomcat].[localhost].[/]       : Initializing Spring embedded WebApplicationContext
2023-02-18 12:39:27.842  INFO 20904 --- [main] w.s.c.ServletWebServerApplicationContext : Root WebApplicationContext: initialization completed in 1080 ms
2023-02-18 12:39:28.170  INFO 20904 --- [main] o.s.b.w.embedded.tomcat.TomcatWebServer  : Tomcat started on port(s): 8080 (http) with context path ''
2023-02-18 12:39:28.170  INFO 20904 --- [main] c.m.ehcservice.EHCServiceApplication     : Started EHCServiceApplication in 1.801 seconds (JVM running for 2.1)
2023-02-18 12:41:24.205  INFO 14684 --- [main] c.m.ehcservice.EHCServiceApplication     : Starting EHCServiceApplication using Java 1.8.0_311 on DESKTOP-CN3ME4N with PID 14684 (D:\Code\Practice Code\EHC-Service\build\classes\java\main started by Admin in D:\Code\Practice Code\EHC-Service)
2023-02-18 12:41:24.205  INFO 14684 --- [main] c.m.ehcservice.EHCServiceApplication     : No active profile set, falling back to 1 default profile: "default"
2023-02-18 12:41:25.220  INFO 14684 --- [main] o.s.b.w.embedded.tomcat.TomcatWebServer  : Tomcat initialized with port(s): 8080 (http)
2023-02-18 12:41:25.220  INFO 14684 --- [main] o.apache.catalina.core.StandardService   : Starting service [Tomcat]
2023-02-18 12:41:25.220  INFO 14684 --- [main] org.apache.catalina.core.StandardEngine  : Starting Servlet engine: [Apache Tomcat/9.0.63]
2023-02-18 12:41:25.330  INFO 14684 --- [main] o.a.c.c.C.[Tomcat].[localhost].[/]       : Initializing Spring embedded WebApplicationContext
2023-02-18 12:41:25.330  INFO 14684 --- [main] w.s.c.ServletWebServerApplicationContext : Root WebApplicationContext: initialization completed in 1078 ms
2023-02-18 12:41:25.689  INFO 14684 --- [main] o.s.b.w.embedded.tomcat.TomcatWebServer  : Tomcat started on port(s): 8080 (http) with context path ''
2023-02-18 12:41:25.705  INFO 14684 --- [main] c.m.ehcservice.EHCServiceApplication     : Started EHCServiceApplication in 1.852 seconds (JVM running for 2.153)
2023-02-18 12:42:27.656  INFO 14684 --- [http-nio-8080-exec-2] o.a.c.c.C.[Tomcat].[localhost].[/]       : Initializing Spring DispatcherServlet 'dispatcherServlet'
2023-02-18 12:42:27.774  INFO 14684 --- [http-nio-8080-exec-2] c.magnit.ehcservice.service.EHCService   : totalScore-->3
2023-02-18 12:51:09.927  INFO 15128 --- [main] c.m.ehcservice.EHCServiceApplication     : Starting EHCServiceApplication using Java 1.8.0_311 on DESKTOP-CN3ME4N with PID 15128 (D:\Code\Practice Code\EHC-Service\build\classes\java\main started by Admin in D:\Code\Practice Code\EHC-Service)
2023-02-18 12:51:09.927  INFO 15128 --- [main] c.m.ehcservice.EHCServiceApplication     : No active profile set, falling back to 1 default profile: "default"
2023-02-18 12:51:10.927  INFO 15128 --- [main] o.s.b.w.embedded.tomcat.TomcatWebServer  : Tomcat initialized with port(s): 8080 (http)
2023-02-18 12:51:10.927  INFO 15128 --- [main] o.apache.catalina.core.StandardService   : Starting service [Tomcat]
2023-02-18 12:51:10.927  INFO 15128 --- [main] org.apache.catalina.core.StandardEngine  : Starting Servlet engine: [Apache Tomcat/9.0.63]
2023-02-18 12:51:11.021  INFO 15128 --- [main] o.a.c.c.C.[Tomcat].[localhost].[/]       : Initializing Spring embedded WebApplicationContext
2023-02-18 12:51:11.021  INFO 15128 --- [main] w.s.c.ServletWebServerApplicationContext : Root WebApplicationContext: initialization completed in 1047 ms
2023-02-18 12:51:11.349  INFO 15128 --- [main] o.s.b.w.embedded.tomcat.TomcatWebServer  : Tomcat started on port(s): 8080 (http) with context path ''
2023-02-18 12:51:11.365  INFO 15128 --- [main] c.m.ehcservice.EHCServiceApplication     : Started EHCServiceApplication in 1.782 seconds (JVM running for 2.087)
2023-02-18 12:52:22.610  INFO 15128 --- [http-nio-8080-exec-1] o.a.c.c.C.[Tomcat].[localhost].[/]       : Initializing Spring DispatcherServlet 'dispatcherServlet'
2023-02-18 12:52:22.731  INFO 15128 --- [http-nio-8080-exec-2] c.magnit.ehcservice.service.EHCService   : totalScore-->5
2023-02-18 12:53:12.654  INFO 15128 --- [http-nio-8080-exec-3] c.magnit.ehcservice.service.EHCService   : totalScore-->4
2023-02-18 12:54:37.214  INFO 15128 --- [http-nio-8080-exec-5] c.magnit.ehcservice.service.EHCService   : totalScore-->5
2023-02-18 12:56:37.695  INFO 15128 --- [http-nio-8080-exec-7] c.magnit.ehcservice.service.EHCService   : totalScore-->5
2023-02-18 12:57:55.316  INFO 15128 --- [http-nio-8080-exec-9] c.magnit.ehcservice.service.EHCService   : totalScore-->5
2023-02-18 12:58:04.541  INFO 15128 --- [http-nio-8080-exec-10] c.magnit.ehcservice.service.EHCService   : totalScore-->4
2023-02-18 12:58:13.258  INFO 15128 --- [http-nio-8080-exec-1] c.magnit.ehcservice.service.EHCService   : totalScore-->4
2023-02-18 13:05:00.908  INFO 16400 --- [main] c.m.ehcservice.EHCServiceApplication     : Starting EHCServiceApplication using Java 1.8.0_311 on DESKTOP-CN3ME4N with PID 16400 (D:\Code\Practice Code\EHC-Service\build\classes\java\main started by Admin in D:\Code\Practice Code\EHC-Service)
2023-02-18 13:05:00.908  INFO 16400 --- [main] c.m.ehcservice.EHCServiceApplication     : No active profile set, falling back to 1 default profile: "default"
2023-02-18 13:05:01.924  INFO 16400 --- [main] o.s.b.w.embedded.tomcat.TomcatWebServer  : Tomcat initialized with port(s): 8080 (http)
2023-02-18 13:05:01.924  INFO 16400 --- [main] o.apache.catalina.core.StandardService   : Starting service [Tomcat]
2023-02-18 13:05:01.924  INFO 16400 --- [main] org.apache.catalina.core.StandardEngine  : Starting Servlet engine: [Apache Tomcat/9.0.63]
2023-02-18 13:05:02.018  INFO 16400 --- [main] o.a.c.c.C.[Tomcat].[localhost].[/]       : Initializing Spring embedded WebApplicationContext
2023-02-18 13:05:02.018  INFO 16400 --- [main] w.s.c.ServletWebServerApplicationContext : Root WebApplicationContext: initialization completed in 1063 ms
2023-02-18 13:05:02.346  INFO 16400 --- [main] o.s.b.w.embedded.tomcat.TomcatWebServer  : Tomcat started on port(s): 8080 (http) with context path ''
2023-02-18 13:05:02.361  INFO 16400 --- [main] c.m.ehcservice.EHCServiceApplication     : Started EHCServiceApplication in 1.832 seconds (JVM running for 2.138)
